INFO: [VRFC 10-2263] Analyzing SystemVerilog file "/home/barsievich/fpga_lab06_01/fpga_lab06_01.srcs/sources_1/new/fifo.sv" into library xil_defaultlib
INFO: [VRFC 10-311] analyzing module fifo
INFO: [VRFC 10-2263] Analyzing SystemVerilog file "/home/barsievich/fpga_lab06_01/fpga_lab06_01.srcs/sources_1/new/stage1.sv" into library xil_defaultlib
INFO: [VRFC 10-311] analyzing module stage1
WARNING: [VRFC 10-937] initial value of parameter D_WIDTH_I is omitted [/home/barsievich/fpga_lab06_01/fpga_lab06_01.srcs/sources_1/new/stage1.sv:3]
INFO: [VRFC 10-2263] Analyzing SystemVerilog file "/home/barsievich/fpga_lab06_01/fpga_lab06_01.srcs/sources_1/new/stage2.sv" into library xil_defaultlib
INFO: [VRFC 10-311] analyzing module stage2
WARNING: [VRFC 10-937] initial value of parameter D_WIDTH_I is omitted [/home/barsievich/fpga_lab06_01/fpga_lab06_01.srcs/sources_1/new/stage2.sv:3]
INFO: [VRFC 10-2263] Analyzing SystemVerilog file "/home/barsievich/fpga_lab06_01/fpga_lab06_01.srcs/sources_1/new/stage3.sv" into library xil_defaultlib
INFO: [VRFC 10-311] analyzing module stage3
WARNING: [VRFC 10-937] initial value of parameter D_WIDTH_I is omitted [/home/barsievich/fpga_lab06_01/fpga_lab06_01.srcs/sources_1/new/stage3.sv:3]
INFO: [VRFC 10-2263] Analyzing SystemVerilog file "/home/barsievich/fpga_lab06_01/fpga_lab06_01.srcs/sources_1/new/stage4.sv" into library xil_defaultlib
INFO: [VRFC 10-311] analyzing module stage4
WARNING: [VRFC 10-937] initial value of parameter D_WIDTH_I is omitted [/home/barsievich/fpga_lab06_01/fpga_lab06_01.srcs/sources_1/new/stage4.sv:3]
INFO: [VRFC 10-2263] Analyzing SystemVerilog file "/home/barsievich/fpga_lab06_01/fpga_lab06_01.srcs/sources_1/new/stage5.sv" into library xil_defaultlib
INFO: [VRFC 10-311] analyzing module stage5
WARNING: [VRFC 10-937] initial value of parameter D_WIDTH_I is omitted [/home/barsievich/fpga_lab06_01/fpga_lab06_01.srcs/sources_1/new/stage5.sv:3]
INFO: [VRFC 10-2263] Analyzing SystemVerilog file "/home/barsievich/fpga_lab06_01/fpga_lab06_01.srcs/sources_1/new/task2.sv" into library xil_defaultlib
INFO: [VRFC 10-311] analyzing module task2
INFO: [VRFC 10-2263] Analyzing SystemVerilog file "/home/barsievich/fpga_lab06_01/fpga_lab06_01.srcs/sources_1/new/tb_task2.sv" into library xil_defaultlib
INFO: [VRFC 10-311] analyzing module tb_task2
