Vivado Simulator 2018.2
Copyright 1986-1999, 2001-2018 Xilinx, Inc. All Rights Reserved.
Running: /opt/Xilinx/Vivado/2018.2/bin/unwrapped/lnx64.o/xelab -wto e0cca11efec74a4497778157cd0c14ff --incr --debug typical --relax --mt 8 -L xil_defaultlib -L unisims_ver -L unimacro_ver -L secureip --snapshot tb_syst_ws_behav xil_defaultlib.tb_syst_ws xil_defaultlib.glbl -log elaborate.log 
Using 8 slave threads.
Starting static elaboration
Completed static elaboration
Starting simulation data flow analysis
WARNING: [XSIM 43-4099] "/home/barsievich/fpga_lab05/fpga_lab05.srcs/sources_1/new/syst_ws.sv" Line 1. Module syst_ws doesn't have a timescale but at least one module in design has a timescale.
WARNING: [XSIM 43-4099] "/home/barsievich/fpga_lab05/fpga_lab05.srcs/sources_1/new/syst_node.sv" Line 1. Module syst_node(SI_WIDTH=1) doesn't have a timescale but at least one module in design has a timescale.
WARNING: [XSIM 43-4099] "/home/barsievich/fpga_lab05/fpga_lab05.srcs/sources_1/new/syst_node.sv" Line 1. Module syst_node(SI_WIDTH=17,SO_WIDTH=18) doesn't have a timescale but at least one module in design has a timescale.
WARNING: [XSIM 43-4099] "/home/barsievich/fpga_lab05/fpga_lab05.srcs/sources_1/new/syst_node.sv" Line 1. Module syst_node(SI_WIDTH=18,SO_WIDTH=19) doesn't have a timescale but at least one module in design has a timescale.
WARNING: [XSIM 43-4099] "/home/barsievich/fpga_lab05/fpga_lab05.srcs/sources_1/new/syst_node.sv" Line 1. Module syst_node(SI_WIDTH=1) doesn't have a timescale but at least one module in design has a timescale.
WARNING: [XSIM 43-4099] "/home/barsievich/fpga_lab05/fpga_lab05.srcs/sources_1/new/syst_node.sv" Line 1. Module syst_node(SI_WIDTH=17,SO_WIDTH=18) doesn't have a timescale but at least one module in design has a timescale.
WARNING: [XSIM 43-4099] "/home/barsievich/fpga_lab05/fpga_lab05.srcs/sources_1/new/syst_node.sv" Line 1. Module syst_node(SI_WIDTH=18,SO_WIDTH=19) doesn't have a timescale but at least one module in design has a timescale.
Completed simulation data flow analysis
Time Resolution for simulation is 1ps
Compiling module xil_defaultlib.syst_node(SI_WIDTH=1)
Compiling module xil_defaultlib.syst_node(SI_WIDTH=17,SO_WIDTH=1...
Compiling module xil_defaultlib.syst_node(SI_WIDTH=18,SO_WIDTH=1...
Compiling module xil_defaultlib.syst_ws
Compiling module xil_defaultlib.tb_syst_ws
Compiling module xil_defaultlib.glbl
Built simulation snapshot tb_syst_ws_behav
